This file contains any messages produced by compilers while
running configure, to aid debugging if configure makes a mistake.

It was created by rdesktop configure 1.9.0, which was
generated by GNU Autoconf 2.69.  Invocation command line was

  $ ./configure --disable-credssp --disable-smartcard

## --------- ##
## Platform. ##
## --------- ##

hostname = localhost.localdomain
uname -m = x86_64
uname -r = 6.12.0-92.el10.x86_64
uname -s = Linux
uname -v = #1 SMP PREEMPT_DYNAMIC Wed Jun  4 13:45:25 UTC 2025

/usr/bin/uname -p = unknown
/bin/uname -X     = unknown

/bin/arch              = x86_64
/usr/bin/arch -k       = unknown
/usr/convex/getsysinfo = unknown
/usr/bin/hostinfo      = unknown
/bin/machine           = unknown
/usr/bin/oslevel       = unknown
/bin/universe          = unknown

PATH: /home/juanb/.local/bin
PATH: /home/juanb/bin
PATH: /usr/local/sbin
PATH: /usr/local/bin
PATH: /usr/sbin
PATH: /usr/bin
PATH: /sbin
PATH: /bin


## ----------- ##
## Core tests. ##
## ----------- ##

configure:2441: checking build system type
configure:2455: result: x86_64-redhat-linux-gnu
configure:2475: checking host system type
configure:2488: result: x86_64-redhat-linux-gnu
configure:2557: checking for gcc
configure:2573: found /usr/bin/gcc
configure:2584: result: gcc
configure:2813: checking for C compiler version
configure:2822: gcc --version >&5
gcc (GCC) 14.2.1 20250110 (Red Hat 14.2.1-8)
Copyright (C) 2024 Free Software Foundation, Inc.
This is free software; see the source for copying conditions.  There is NO
warranty; not even for MERCHANTABILITY or FITNESS FOR A PARTICULAR PURPOSE.

configure:2833: $? = 0
configure:2822: gcc -v >&5
Using built-in specs.
COLLECT_GCC=gcc
COLLECT_LTO_WRAPPER=/usr/libexec/gcc/x86_64-redhat-linux/14/lto-wrapper
OFFLOAD_TARGET_NAMES=nvptx-none:amdgcn-amdhsa
OFFLOAD_TARGET_DEFAULT=1
Target: x86_64-redhat-linux
Configured with: ../configure --enable-bootstrap --enable-languages=c,c++,fortran,lto --prefix=/usr --mandir=/usr/share/man --infodir=/usr/share/info --with-bugurl=http://bugzilla.redhat.com/bugzilla --enable-shared --enable-threads=posix --enable-checking=release --enable-multilib --with-system-zlib --enable-__cxa_atexit --disable-libunwind-exceptions --enable-gnu-unique-object --enable-linker-build-id --with-gcc-major-version-only --enable-libstdcxx-backtrace --with-libstdcxx-zoneinfo=/usr/share/zoneinfo --with-linker-hash-style=gnu --enable-plugin --enable-initfini-array --without-isl --enable-offload-targets=nvptx-none,amdgcn-amdhsa --enable-offload-defaulted --without-cuda-driver --enable-gnu-indirect-function --enable-cet --with-tune=generic --with-arch_64=x86-64-v3 --with-arch_32=x86-64 --build=x86_64-redhat-linux --with-build-config=bootstrap-lto --enable-link-serialization=1 --enable-host-pie --enable-host-bind-now
Thread model: posix
Supported LTO compression algorithms: zlib zstd
gcc version 14.2.1 20250110 (Red Hat 14.2.1-8) (GCC) 
... rest of stderr output deleted ...
configure:2833: $? = 0
configure:2822: gcc -V >&5
gcc: error: unrecognized command-line option '-V'
gcc: fatal error: no input files
compilation terminated.
configure:2833: $? = 1
configure:2822: gcc -qversion >&5
gcc: error: unrecognized command-line option '-qversion'; did you mean '--version'?
gcc: fatal error: no input files
compilation terminated.
configure:2833: $? = 1
configure:2853: checking whether the C compiler works
configure:2875: gcc    conftest.c  >&5
configure:2879: $? = 0
configure:2927: result: yes
configure:2930: checking for C compiler default output file name
configure:2932: result: a.out
configure:2938: checking for suffix of executables
configure:2945: gcc -o conftest    conftest.c  >&5
configure:2949: $? = 0
configure:2971: result: 
configure:2993: checking whether we are cross compiling
configure:3001: gcc -o conftest    conftest.c  >&5
configure:3005: $? = 0
configure:3012: ./conftest
configure:3016: $? = 0
configure:3031: result: no
configure:3036: checking for suffix of object files
configure:3058: gcc -c   conftest.c >&5
configure:3062: $? = 0
configure:3083: result: o
configure:3087: checking whether we are using the GNU C compiler
configure:3106: gcc -c   conftest.c >&5
configure:3106: $? = 0
configure:3115: result: yes
configure:3124: checking whether gcc accepts -g
configure:3144: gcc -c -g  conftest.c >&5
configure:3144: $? = 0
configure:3185: result: yes
configure:3202: checking for gcc option to accept ISO C89
configure:3265: gcc  -c -g -O2  conftest.c >&5
configure:3265: $? = 0
configure:3278: result: none needed
configure:3316: checking for a BSD-compatible install
configure:3384: result: /usr/bin/install -c
configure:3407: checking how to run the C preprocessor
configure:3438: gcc -E  conftest.c
configure:3438: $? = 0
configure:3452: gcc -E  conftest.c
conftest.c:9:10: fatal error: ac_nonexistent.h: No such file or directory
    9 | #include <ac_nonexistent.h>
      |          ^~~~~~~~~~~~~~~~~~
compilation terminated.
configure:3452: $? = 1
configure: failed program was:
| /* confdefs.h */
| #define PACKAGE_NAME "rdesktop"
| #define PACKAGE_TARNAME "rdesktop"
| #define PACKAGE_VERSION "1.9.0"
| #define PACKAGE_STRING "rdesktop 1.9.0"
| #define PACKAGE_BUGREPORT ""
| #define PACKAGE_URL ""
| /* end confdefs.h.  */
| #include <ac_nonexistent.h>
configure:3477: result: gcc -E
configure:3497: gcc -E  conftest.c
configure:3497: $? = 0
configure:3511: gcc -E  conftest.c
conftest.c:9:10: fatal error: ac_nonexistent.h: No such file or directory
    9 | #include <ac_nonexistent.h>
      |          ^~~~~~~~~~~~~~~~~~
compilation terminated.
configure:3511: $? = 1
configure: failed program was:
| /* confdefs.h */
| #define PACKAGE_NAME "rdesktop"
| #define PACKAGE_TARNAME "rdesktop"
| #define PACKAGE_VERSION "1.9.0"
| #define PACKAGE_STRING "rdesktop 1.9.0"
| #define PACKAGE_BUGREPORT ""
| #define PACKAGE_URL ""
| /* end confdefs.h.  */
| #include <ac_nonexistent.h>
configure:3540: checking for grep that handles long lines and -e
configure:3598: result: /usr/bin/grep
configure:3603: checking for egrep
configure:3665: result: /usr/bin/grep -E
configure:3670: checking for ANSI C header files
configure:3690: gcc -c -g -O2 -Wall -Wextra  conftest.c >&5
configure:3690: $? = 0
configure:3763: gcc -o conftest -g -O2 -Wall -Wextra   conftest.c  >&5
configure:3763: $? = 0
configure:3763: ./conftest
configure:3763: $? = 0
configure:3774: result: yes
configure:3787: checking for sys/types.h
configure:3787: gcc -c -g -O2 -Wall -Wextra  conftest.c >&5
configure:3787: $? = 0
configure:3787: result: yes
configure:3787: checking for sys/stat.h
configure:3787: gcc -c -g -O2 -Wall -Wextra  conftest.c >&5
configure:3787: $? = 0
configure:3787: result: yes
configure:3787: checking for stdlib.h
configure:3787: gcc -c -g -O2 -Wall -Wextra  conftest.c >&5
configure:3787: $? = 0
configure:3787: result: yes
configure:3787: checking for string.h
configure:3787: gcc -c -g -O2 -Wall -Wextra  conftest.c >&5
configure:3787: $? = 0
configure:3787: result: yes
configure:3787: checking for memory.h
configure:3787: gcc -c -g -O2 -Wall -Wextra  conftest.c >&5
configure:3787: $? = 0
configure:3787: result: yes
configure:3787: checking for strings.h
configure:3787: gcc -c -g -O2 -Wall -Wextra  conftest.c >&5
configure:3787: $? = 0
configure:3787: result: yes
configure:3787: checking for inttypes.h
configure:3787: gcc -c -g -O2 -Wall -Wextra  conftest.c >&5
configure:3787: $? = 0
configure:3787: result: yes
configure:3787: checking for stdint.h
configure:3787: gcc -c -g -O2 -Wall -Wextra  conftest.c >&5
configure:3787: $? = 0
configure:3787: result: yes
configure:3787: checking for unistd.h
configure:3787: gcc -c -g -O2 -Wall -Wextra  conftest.c >&5
configure:3787: $? = 0
configure:3787: result: yes
configure:3799: checking whether byte ordering is bigendian
configure:3814: gcc -c -g -O2 -Wall -Wextra  conftest.c >&5
conftest.c:20:16: error: unknown type name 'not'
   20 |                not a universal capable compiler
      |                ^~~
conftest.c:20:22: error: expected '=', ',', ';', 'asm' or '__attribute__' before 'universal'
   20 |                not a universal capable compiler
      |                      ^~~~~~~~~
conftest.c:20:22: error: unknown type name 'universal'
configure:3814: $? = 1
configure: failed program was:
| /* confdefs.h */
| #define PACKAGE_NAME "rdesktop"
| #define PACKAGE_TARNAME "rdesktop"
| #define PACKAGE_VERSION "1.9.0"
| #define PACKAGE_STRING "rdesktop 1.9.0"
| #define PACKAGE_BUGREPORT ""
| #define PACKAGE_URL ""
| #define STDC_HEADERS 1
| #define HAVE_SYS_TYPES_H 1
| #define HAVE_SYS_STAT_H 1
| #define HAVE_STDLIB_H 1
| #define HAVE_STRING_H 1
| #define HAVE_MEMORY_H 1
| #define HAVE_STRINGS_H 1
| #define HAVE_INTTYPES_H 1
| #define HAVE_STDINT_H 1
| #define HAVE_UNISTD_H 1
| /* end confdefs.h.  */
| #ifndef __APPLE_CC__
| 	       not a universal capable compiler
| 	     #endif
| 	     typedef int dummy;
| 
configure:3859: gcc -c -g -O2 -Wall -Wextra  conftest.c >&5
configure:3859: $? = 0
configure:3877: gcc -c -g -O2 -Wall -Wextra  conftest.c >&5
conftest.c: In function 'main':
conftest.c:26:18: error: unknown type name 'not'; did you mean 'ino_t'?
   26 |                  not big endian
      |                  ^~~
      |                  ino_t
conftest.c:26:26: error: expected '=', ',', ';', 'asm' or '__attribute__' before 'endian'
   26 |                  not big endian
      |                          ^~~~~~
configure:3877: $? = 1
configure: failed program was:
| /* confdefs.h */
| #define PACKAGE_NAME "rdesktop"
| #define PACKAGE_TARNAME "rdesktop"
| #define PACKAGE_VERSION "1.9.0"
| #define PACKAGE_STRING "rdesktop 1.9.0"
| #define PACKAGE_BUGREPORT ""
| #define PACKAGE_URL ""
| #define STDC_HEADERS 1
| #define HAVE_SYS_TYPES_H 1
| #define HAVE_SYS_STAT_H 1
| #define HAVE_STDLIB_H 1
| #define HAVE_STRING_H 1
| #define HAVE_MEMORY_H 1
| #define HAVE_STRINGS_H 1
| #define HAVE_INTTYPES_H 1
| #define HAVE_STDINT_H 1
| #define HAVE_UNISTD_H 1
| /* end confdefs.h.  */
| #include <sys/types.h>
| 		#include <sys/param.h>
| 
| int
| main ()
| {
| #if BYTE_ORDER != BIG_ENDIAN
| 		 not big endian
| 		#endif
| 
|   ;
|   return 0;
| }
configure:4005: result: no
configure:4024: checking for X
configure:4132: gcc -E  conftest.c
configure:4132: $? = 0
configure:4163: gcc -o conftest -g -O2 -Wall -Wextra   conftest.c -lX11  >&5
configure:4163: $? = 0
configure:4213: result: libraries , headers 
configure:4312: gcc -o conftest -g -O2 -Wall -Wextra   conftest.c   -lX11 >&5
configure:4312: $? = 0
configure:4410: checking for gethostbyname
configure:4410: gcc -o conftest -g -O2 -Wall -Wextra   conftest.c  >&5
configure:4410: $? = 0
configure:4410: result: yes
configure:4507: checking for connect
configure:4507: gcc -o conftest -g -O2 -Wall -Wextra   conftest.c  >&5
configure:4507: $? = 0
configure:4507: result: yes
configure:4556: checking for remove
configure:4556: gcc -o conftest -g -O2 -Wall -Wextra   conftest.c  >&5
configure:4556: $? = 0
configure:4556: result: yes
configure:4605: checking for shmat
configure:4605: gcc -o conftest -g -O2 -Wall -Wextra   conftest.c  >&5
configure:4605: $? = 0
configure:4605: result: yes
configure:4663: checking for IceConnectionNumber in -lICE
configure:4688: gcc -o conftest -g -O2 -Wall -Wextra   conftest.c -lICE   >&5
/usr/bin/ld: cannot find -lICE: No such file or directory
collect2: error: ld returned 1 exit status
configure:4688: $? = 1
configure: failed program was:
| /* confdefs.h */
| #define PACKAGE_NAME "rdesktop"
| #define PACKAGE_TARNAME "rdesktop"
| #define PACKAGE_VERSION "1.9.0"
| #define PACKAGE_STRING "rdesktop 1.9.0"
| #define PACKAGE_BUGREPORT ""
| #define PACKAGE_URL ""
| #define STDC_HEADERS 1
| #define HAVE_SYS_TYPES_H 1
| #define HAVE_SYS_STAT_H 1
| #define HAVE_STDLIB_H 1
| #define HAVE_STRING_H 1
| #define HAVE_MEMORY_H 1
| #define HAVE_STRINGS_H 1
| #define HAVE_INTTYPES_H 1
| #define HAVE_STDINT_H 1
| #define HAVE_UNISTD_H 1
| #define L_ENDIAN 1
| /* end confdefs.h.  */
| 
| /* Override any GCC internal prototype to avoid an error.
|    Use char because int might match the return type of a GCC
|    builtin and then its argument prototype would still apply.  */
| #ifdef __cplusplus
| extern "C"
| #endif
| char IceConnectionNumber ();
| int
| main ()
| {
| return IceConnectionNumber ();
|   ;
|   return 0;
| }
configure:4697: result: no
configure:4766: checking for pkg-config
configure:4784: found /usr/bin/pkg-config
configure:4796: result: /usr/bin/pkg-config
configure:4820: checking for library containing __gmpz_init
configure:4851: gcc -o conftest -g -O2 -Wall -Wextra   conftest.c  >&5
/usr/bin/ld: /tmp/ccdqya0q.o: in function `main':
/home/juanb/linuxplus/LAB_COMPILING/rdesktop-1.9.0/conftest.c:31:(.text.startup+0x7): undefined reference to `__gmpz_init'
collect2: error: ld returned 1 exit status
configure:4851: $? = 1
configure: failed program was:
| /* confdefs.h */
| #define PACKAGE_NAME "rdesktop"
| #define PACKAGE_TARNAME "rdesktop"
| #define PACKAGE_VERSION "1.9.0"
| #define PACKAGE_STRING "rdesktop 1.9.0"
| #define PACKAGE_BUGREPORT ""
| #define PACKAGE_URL ""
| #define STDC_HEADERS 1
| #define HAVE_SYS_TYPES_H 1
| #define HAVE_SYS_STAT_H 1
| #define HAVE_STDLIB_H 1
| #define HAVE_STRING_H 1
| #define HAVE_MEMORY_H 1
| #define HAVE_STRINGS_H 1
| #define HAVE_INTTYPES_H 1
| #define HAVE_STDINT_H 1
| #define HAVE_UNISTD_H 1
| #define L_ENDIAN 1
| /* end confdefs.h.  */
| 
| /* Override any GCC internal prototype to avoid an error.
|    Use char because int might match the return type of a GCC
|    builtin and then its argument prototype would still apply.  */
| #ifdef __cplusplus
| extern "C"
| #endif
| char __gmpz_init ();
| int
| main ()
| {
| return __gmpz_init ();
|   ;
|   return 0;
| }
configure:4851: gcc -o conftest -g -O2 -Wall -Wextra   conftest.c -lgmp   >&5
configure:4851: $? = 0
configure:4868: result: -lgmp
configure:4877: checking for library containing socket
configure:4908: gcc -o conftest -g -O2 -Wall -Wextra   conftest.c -lgmp  >&5
configure:4908: $? = 0
configure:4925: result: none required
configure:4933: checking for library containing inet_aton
configure:4964: gcc -o conftest -g -O2 -Wall -Wextra   conftest.c -lgmp  >&5
configure:4964: $? = 0
configure:4981: result: none required
configure:4990: checking sys/select.h usability
configure:4990: gcc -c -g -O2 -Wall -Wextra  conftest.c >&5
configure:4990: $? = 0
configure:4990: result: yes
configure:4990: checking sys/select.h presence
configure:4990: gcc -E  conftest.c
configure:4990: $? = 0
configure:4990: result: yes
configure:4990: checking for sys/select.h
configure:4990: result: yes
configure:4997: checking sys/modem.h usability
configure:4997: gcc -c -g -O2 -Wall -Wextra  conftest.c >&5
conftest.c:54:10: fatal error: sys/modem.h: No such file or directory
   54 | #include <sys/modem.h>
      |          ^~~~~~~~~~~~~
compilation terminated.
configure:4997: $? = 1
configure: failed program was:
| /* confdefs.h */
| #define PACKAGE_NAME "rdesktop"
| #define PACKAGE_TARNAME "rdesktop"
| #define PACKAGE_VERSION "1.9.0"
| #define PACKAGE_STRING "rdesktop 1.9.0"
| #define PACKAGE_BUGREPORT ""
| #define PACKAGE_URL ""
| #define STDC_HEADERS 1
| #define HAVE_SYS_TYPES_H 1
| #define HAVE_SYS_STAT_H 1
| #define HAVE_STDLIB_H 1
| #define HAVE_STRING_H 1
| #define HAVE_MEMORY_H 1
| #define HAVE_STRINGS_H 1
| #define HAVE_INTTYPES_H 1
| #define HAVE_STDINT_H 1
| #define HAVE_UNISTD_H 1
| #define L_ENDIAN 1
| #define HAVE_SYS_SELECT_H 1
| /* end confdefs.h.  */
| #include <stdio.h>
| #ifdef HAVE_SYS_TYPES_H
| # include <sys/types.h>
| #endif
| #ifdef HAVE_SYS_STAT_H
| # include <sys/stat.h>
| #endif
| #ifdef STDC_HEADERS
| # include <stdlib.h>
| # include <stddef.h>
| #else
| # ifdef HAVE_STDLIB_H
| #  include <stdlib.h>
| # endif
| #endif
| #ifdef HAVE_STRING_H
| # if !defined STDC_HEADERS && defined HAVE_MEMORY_H
| #  include <memory.h>
| # endif
| # include <string.h>
| #endif
| #ifdef HAVE_STRINGS_H
| # include <strings.h>
| #endif
| #ifdef HAVE_INTTYPES_H
| # include <inttypes.h>
| #endif
| #ifdef HAVE_STDINT_H
| # include <stdint.h>
| #endif
| #ifdef HAVE_UNISTD_H
| # include <unistd.h>
| #endif
| #include <sys/modem.h>
configure:4997: result: no
configure:4997: checking sys/modem.h presence
configure:4997: gcc -E  conftest.c
conftest.c:21:10: fatal error: sys/modem.h: No such file or directory
   21 | #include <sys/modem.h>
      |          ^~~~~~~~~~~~~
compilation terminated.
configure:4997: $? = 1
configure: failed program was:
| /* confdefs.h */
| #define PACKAGE_NAME "rdesktop"
| #define PACKAGE_TARNAME "rdesktop"
| #define PACKAGE_VERSION "1.9.0"
| #define PACKAGE_STRING "rdesktop 1.9.0"
| #define PACKAGE_BUGREPORT ""
| #define PACKAGE_URL ""
| #define STDC_HEADERS 1
| #define HAVE_SYS_TYPES_H 1
| #define HAVE_SYS_STAT_H 1
| #define HAVE_STDLIB_H 1
| #define HAVE_STRING_H 1
| #define HAVE_MEMORY_H 1
| #define HAVE_STRINGS_H 1
| #define HAVE_INTTYPES_H 1
| #define HAVE_STDINT_H 1
| #define HAVE_UNISTD_H 1
| #define L_ENDIAN 1
| #define HAVE_SYS_SELECT_H 1
| /* end confdefs.h.  */
| #include <sys/modem.h>
configure:4997: result: no
configure:4997: checking for sys/modem.h
configure:4997: result: no
configure:5004: checking sys/filio.h usability
configure:5004: gcc -c -g -O2 -Wall -Wextra  conftest.c >&5
conftest.c:54:10: fatal error: sys/filio.h: No such file or directory
   54 | #include <sys/filio.h>
      |          ^~~~~~~~~~~~~
compilation terminated.
configure:5004: $? = 1
configure: failed program was:
| /* confdefs.h */
| #define PACKAGE_NAME "rdesktop"
| #define PACKAGE_TARNAME "rdesktop"
| #define PACKAGE_VERSION "1.9.0"
| #define PACKAGE_STRING "rdesktop 1.9.0"
| #define PACKAGE_BUGREPORT ""
| #define PACKAGE_URL ""
| #define STDC_HEADERS 1
| #define HAVE_SYS_TYPES_H 1
| #define HAVE_SYS_STAT_H 1
| #define HAVE_STDLIB_H 1
| #define HAVE_STRING_H 1
| #define HAVE_MEMORY_H 1
| #define HAVE_STRINGS_H 1
| #define HAVE_INTTYPES_H 1
| #define HAVE_STDINT_H 1
| #define HAVE_UNISTD_H 1
| #define L_ENDIAN 1
| #define HAVE_SYS_SELECT_H 1
| /* end confdefs.h.  */
| #include <stdio.h>
| #ifdef HAVE_SYS_TYPES_H
| # include <sys/types.h>
| #endif
| #ifdef HAVE_SYS_STAT_H
| # include <sys/stat.h>
| #endif
| #ifdef STDC_HEADERS
| # include <stdlib.h>
| # include <stddef.h>
| #else
| # ifdef HAVE_STDLIB_H
| #  include <stdlib.h>
| # endif
| #endif
| #ifdef HAVE_STRING_H
| # if !defined STDC_HEADERS && defined HAVE_MEMORY_H
| #  include <memory.h>
| # endif
| # include <string.h>
| #endif
| #ifdef HAVE_STRINGS_H
| # include <strings.h>
| #endif
| #ifdef HAVE_INTTYPES_H
| # include <inttypes.h>
| #endif
| #ifdef HAVE_STDINT_H
| # include <stdint.h>
| #endif
| #ifdef HAVE_UNISTD_H
| # include <unistd.h>
| #endif
| #include <sys/filio.h>
configure:5004: result: no
configure:5004: checking sys/filio.h presence
configure:5004: gcc -E  conftest.c
conftest.c:21:10: fatal error: sys/filio.h: No such file or directory
   21 | #include <sys/filio.h>
      |          ^~~~~~~~~~~~~
compilation terminated.
configure:5004: $? = 1
configure: failed program was:
| /* confdefs.h */
| #define PACKAGE_NAME "rdesktop"
| #define PACKAGE_TARNAME "rdesktop"
| #define PACKAGE_VERSION "1.9.0"
| #define PACKAGE_STRING "rdesktop 1.9.0"
| #define PACKAGE_BUGREPORT ""
| #define PACKAGE_URL ""
| #define STDC_HEADERS 1
| #define HAVE_SYS_TYPES_H 1
| #define HAVE_SYS_STAT_H 1
| #define HAVE_STDLIB_H 1
| #define HAVE_STRING_H 1
| #define HAVE_MEMORY_H 1
| #define HAVE_STRINGS_H 1
| #define HAVE_INTTYPES_H 1
| #define HAVE_STDINT_H 1
| #define HAVE_UNISTD_H 1
| #define L_ENDIAN 1
| #define HAVE_SYS_SELECT_H 1
| /* end confdefs.h.  */
| #include <sys/filio.h>
configure:5004: result: no
configure:5004: checking for sys/filio.h
configure:5004: result: no
configure:5011: checking sys/strtio.h usability
configure:5011: gcc -c -g -O2 -Wall -Wextra  conftest.c >&5
conftest.c:54:10: fatal error: sys/strtio.h: No such file or directory
   54 | #include <sys/strtio.h>
      |          ^~~~~~~~~~~~~~
compilation terminated.
configure:5011: $? = 1
configure: failed program was:
| /* confdefs.h */
| #define PACKAGE_NAME "rdesktop"
| #define PACKAGE_TARNAME "rdesktop"
| #define PACKAGE_VERSION "1.9.0"
| #define PACKAGE_STRING "rdesktop 1.9.0"
| #define PACKAGE_BUGREPORT ""
| #define PACKAGE_URL ""
| #define STDC_HEADERS 1
| #define HAVE_SYS_TYPES_H 1
| #define HAVE_SYS_STAT_H 1
| #define HAVE_STDLIB_H 1
| #define HAVE_STRING_H 1
| #define HAVE_MEMORY_H 1
| #define HAVE_STRINGS_H 1
| #define HAVE_INTTYPES_H 1
| #define HAVE_STDINT_H 1
| #define HAVE_UNISTD_H 1
| #define L_ENDIAN 1
| #define HAVE_SYS_SELECT_H 1
| /* end confdefs.h.  */
| #include <stdio.h>
| #ifdef HAVE_SYS_TYPES_H
| # include <sys/types.h>
| #endif
| #ifdef HAVE_SYS_STAT_H
| # include <sys/stat.h>
| #endif
| #ifdef STDC_HEADERS
| # include <stdlib.h>
| # include <stddef.h>
| #else
| # ifdef HAVE_STDLIB_H
| #  include <stdlib.h>
| # endif
| #endif
| #ifdef HAVE_STRING_H
| # if !defined STDC_HEADERS && defined HAVE_MEMORY_H
| #  include <memory.h>
| # endif
| # include <string.h>
| #endif
| #ifdef HAVE_STRINGS_H
| # include <strings.h>
| #endif
| #ifdef HAVE_INTTYPES_H
| # include <inttypes.h>
| #endif
| #ifdef HAVE_STDINT_H
| # include <stdint.h>
| #endif
| #ifdef HAVE_UNISTD_H
| # include <unistd.h>
| #endif
| #include <sys/strtio.h>
configure:5011: result: no
configure:5011: checking sys/strtio.h presence
configure:5011: gcc -E  conftest.c
conftest.c:21:10: fatal error: sys/strtio.h: No such file or directory
   21 | #include <sys/strtio.h>
      |          ^~~~~~~~~~~~~~
compilation terminated.
configure:5011: $? = 1
configure: failed program was:
| /* confdefs.h */
| #define PACKAGE_NAME "rdesktop"
| #define PACKAGE_TARNAME "rdesktop"
| #define PACKAGE_VERSION "1.9.0"
| #define PACKAGE_STRING "rdesktop 1.9.0"
| #define PACKAGE_BUGREPORT ""
| #define PACKAGE_URL ""
| #define STDC_HEADERS 1
| #define HAVE_SYS_TYPES_H 1
| #define HAVE_SYS_STAT_H 1
| #define HAVE_STDLIB_H 1
| #define HAVE_STRING_H 1
| #define HAVE_MEMORY_H 1
| #define HAVE_STRINGS_H 1
| #define HAVE_INTTYPES_H 1
| #define HAVE_STDINT_H 1
| #define HAVE_UNISTD_H 1
| #define L_ENDIAN 1
| #define HAVE_SYS_SELECT_H 1
| /* end confdefs.h.  */
| #include <sys/strtio.h>
configure:5011: result: no
configure:5011: checking for sys/strtio.h
configure:5011: result: no
configure:5018: checking locale.h usability
configure:5018: gcc -c -g -O2 -Wall -Wextra  conftest.c >&5
configure:5018: $? = 0
configure:5018: result: yes
configure:5018: checking locale.h presence
configure:5018: gcc -E  conftest.c
configure:5018: $? = 0
configure:5018: result: yes
configure:5018: checking for locale.h
configure:5018: result: yes
configure:5025: checking langinfo.h usability
configure:5025: gcc -c -g -O2 -Wall -Wextra  conftest.c >&5
configure:5025: $? = 0
configure:5025: result: yes
configure:5025: checking langinfo.h presence
configure:5025: gcc -E  conftest.c
configure:5025: $? = 0
configure:5025: result: yes
configure:5025: checking for langinfo.h
configure:5025: result: yes
configure:5032: checking sysexits.h usability
configure:5032: gcc -c -g -O2 -Wall -Wextra  conftest.c >&5
configure:5032: $? = 0
configure:5032: result: yes
configure:5032: checking sysexits.h presence
configure:5032: gcc -E  conftest.c
configure:5032: $? = 0
configure:5032: result: yes
configure:5032: checking for sysexits.h
configure:5032: result: yes
configure:5083: checking for strip
configure:5099: found /usr/bin/strip
configure:5110: result: strip
configure:5224: checking for pkg-config
configure:5254: result: /usr/bin/pkg-config
configure:5279: checking pkg-config is at least version 0.9.0
configure:5282: result: yes
configure:5488: checking for XRANDR
configure:5495: $PKG_CONFIG --exists --print-errors "xrandr"
Package xrandr was not found in the pkg-config search path.
Perhaps you should add the directory containing `xrandr.pc'
to the PKG_CONFIG_PATH environment variable
Package 'xrandr', required by 'virtual:world', not found
configure:5498: $? = 1
configure:5512: $PKG_CONFIG --exists --print-errors "xrandr"
Package xrandr was not found in the pkg-config search path.
Perhaps you should add the directory containing `xrandr.pc'
to the PKG_CONFIG_PATH environment variable
Package 'xrandr', required by 'virtual:world', not found
configure:5515: $? = 1
configure:5529: result: no
Package 'xrandr', required by 'virtual:world', not found
configure:5569: checking for XCURSOR
configure:5576: $PKG_CONFIG --exists --print-errors "xcursor"
configure:5579: $? = 0
configure:5593: $PKG_CONFIG --exists --print-errors "xcursor"
configure:5596: $? = 0
configure:5634: result: yes
configure:5655: checking for LIBTASN1
configure:5662: $PKG_CONFIG --exists --print-errors "libtasn1"
configure:5665: $? = 0
configure:5679: $PKG_CONFIG --exists --print-errors "libtasn1"
configure:5682: $? = 0
configure:5720: result: yes
configure:5739: checking for NETTLE
configure:5746: $PKG_CONFIG --exists --print-errors "nettle"
configure:5749: $? = 0
configure:5763: $PKG_CONFIG --exists --print-errors "nettle"
configure:5766: $? = 0
configure:5804: result: yes
configure:5823: checking for HOGWEED
configure:5830: $PKG_CONFIG --exists --print-errors "hogweed"
configure:5833: $? = 0
configure:5847: $PKG_CONFIG --exists --print-errors "hogweed"
configure:5850: $? = 0
configure:5888: result: yes
configure:5908: checking for GNUTLS
configure:5915: $PKG_CONFIG --exists --print-errors "gnutls >= 3.2.0"
configure:5918: $? = 0
configure:5932: $PKG_CONFIG --exists --print-errors "gnutls >= 3.2.0"
configure:5935: $? = 0
configure:5973: result: yes
configure:6214: checking if architecture needs alignment
configure:6239: gcc -o conftest -g -O2 -Wall -Wextra     -I/usr/include/p11-kit-1   conftest.c -lgmp  -lXcursor -ltasn1 -lnettle -lhogweed -lgnutls >&5
conftest.c: In function 'main':
conftest.c:28:14: warning: unused parameter 'argc' [-Wunused-parameter]
   28 | int main(int argc, char **argv)
      |          ~~~~^~~~
conftest.c:28:27: warning: unused parameter 'argv' [-Wunused-parameter]
   28 | int main(int argc, char **argv)
      |                    ~~~~~~~^~~~
configure:6239: $? = 0
configure:6239: ./conftest
configure:6239: $? = 0
configure:6240: result: no
configure:6286: checking sys/soundcard.h usability
configure:6286: gcc -c -g -O2 -Wall -Wextra     -I/usr/include/p11-kit-1  conftest.c >&5
configure:6286: $? = 0
configure:6286: result: yes
configure:6286: checking sys/soundcard.h presence
configure:6286: gcc -E  conftest.c
configure:6286: $? = 0
configure:6286: result: yes
configure:6286: checking for sys/soundcard.h
configure:6286: result: yes
configure:6294: checking dmedia/audio.h usability
configure:6294: gcc -c -g -O2 -Wall -Wextra     -I/usr/include/p11-kit-1  conftest.c >&5
conftest.c:59:10: fatal error: dmedia/audio.h: No such file or directory
   59 | #include <dmedia/audio.h>
      |          ^~~~~~~~~~~~~~~~
compilation terminated.
configure:6294: $? = 1
configure: failed program was:
| /* confdefs.h */
| #define PACKAGE_NAME "rdesktop"
| #define PACKAGE_TARNAME "rdesktop"
| #define PACKAGE_VERSION "1.9.0"
| #define PACKAGE_STRING "rdesktop 1.9.0"
| #define PACKAGE_BUGREPORT ""
| #define PACKAGE_URL ""
| #define STDC_HEADERS 1
| #define HAVE_SYS_TYPES_H 1
| #define HAVE_SYS_STAT_H 1
| #define HAVE_STDLIB_H 1
| #define HAVE_STRING_H 1
| #define HAVE_MEMORY_H 1
| #define HAVE_STRINGS_H 1
| #define HAVE_INTTYPES_H 1
| #define HAVE_STDINT_H 1
| #define HAVE_UNISTD_H 1
| #define L_ENDIAN 1
| #define HAVE_SYS_SELECT_H 1
| #define HAVE_LOCALE_H 1
| #define HAVE_LANGINFO_H 1
| #define HAVE_SYSEXITS_H 1
| #define HAVE_XCURSOR 1
| #define EGD_SOCKET "/var/run/egd-pool"
| /* end confdefs.h.  */
| #include <stdio.h>
| #ifdef HAVE_SYS_TYPES_H
| # include <sys/types.h>
| #endif
| #ifdef HAVE_SYS_STAT_H
| # include <sys/stat.h>
| #endif
| #ifdef STDC_HEADERS
| # include <stdlib.h>
| # include <stddef.h>
| #else
| # ifdef HAVE_STDLIB_H
| #  include <stdlib.h>
| # endif
| #endif
| #ifdef HAVE_STRING_H
| # if !defined STDC_HEADERS && defined HAVE_MEMORY_H
| #  include <memory.h>
| # endif
| # include <string.h>
| #endif
| #ifdef HAVE_STRINGS_H
| # include <strings.h>
| #endif
| #ifdef HAVE_INTTYPES_H
| # include <inttypes.h>
| #endif
| #ifdef HAVE_STDINT_H
| # include <stdint.h>
| #endif
| #ifdef HAVE_UNISTD_H
| # include <unistd.h>
| #endif
| #include <dmedia/audio.h>
configure:6294: result: no
configure:6294: checking dmedia/audio.h presence
configure:6294: gcc -E  conftest.c
conftest.c:26:10: fatal error: dmedia/audio.h: No such file or directory
   26 | #include <dmedia/audio.h>
      |          ^~~~~~~~~~~~~~~~
compilation terminated.
configure:6294: $? = 1
configure: failed program was:
| /* confdefs.h */
| #define PACKAGE_NAME "rdesktop"
| #define PACKAGE_TARNAME "rdesktop"
| #define PACKAGE_VERSION "1.9.0"
| #define PACKAGE_STRING "rdesktop 1.9.0"
| #define PACKAGE_BUGREPORT ""
| #define PACKAGE_URL ""
| #define STDC_HEADERS 1
| #define HAVE_SYS_TYPES_H 1
| #define HAVE_SYS_STAT_H 1
| #define HAVE_STDLIB_H 1
| #define HAVE_STRING_H 1
| #define HAVE_MEMORY_H 1
| #define HAVE_STRINGS_H 1
| #define HAVE_INTTYPES_H 1
| #define HAVE_STDINT_H 1
| #define HAVE_UNISTD_H 1
| #define L_ENDIAN 1
| #define HAVE_SYS_SELECT_H 1
| #define HAVE_LOCALE_H 1
| #define HAVE_LANGINFO_H 1
| #define HAVE_SYSEXITS_H 1
| #define HAVE_XCURSOR 1
| #define EGD_SOCKET "/var/run/egd-pool"
| /* end confdefs.h.  */
| #include <dmedia/audio.h>
configure:6294: result: no
configure:6294: checking for dmedia/audio.h
configure:6294: result: no
configure:6302: checking sys/audioio.h usability
configure:6302: gcc -c -g -O2 -Wall -Wextra     -I/usr/include/p11-kit-1  conftest.c >&5
conftest.c:59:10: fatal error: sys/audioio.h: No such file or directory
   59 | #include <sys/audioio.h>
      |          ^~~~~~~~~~~~~~~
compilation terminated.
configure:6302: $? = 1
configure: failed program was:
| /* confdefs.h */
| #define PACKAGE_NAME "rdesktop"
| #define PACKAGE_TARNAME "rdesktop"
| #define PACKAGE_VERSION "1.9.0"
| #define PACKAGE_STRING "rdesktop 1.9.0"
| #define PACKAGE_BUGREPORT ""
| #define PACKAGE_URL ""
| #define STDC_HEADERS 1
| #define HAVE_SYS_TYPES_H 1
| #define HAVE_SYS_STAT_H 1
| #define HAVE_STDLIB_H 1
| #define HAVE_STRING_H 1
| #define HAVE_MEMORY_H 1
| #define HAVE_STRINGS_H 1
| #define HAVE_INTTYPES_H 1
| #define HAVE_STDINT_H 1
| #define HAVE_UNISTD_H 1
| #define L_ENDIAN 1
| #define HAVE_SYS_SELECT_H 1
| #define HAVE_LOCALE_H 1
| #define HAVE_LANGINFO_H 1
| #define HAVE_SYSEXITS_H 1
| #define HAVE_XCURSOR 1
| #define EGD_SOCKET "/var/run/egd-pool"
| /* end confdefs.h.  */
| #include <stdio.h>
| #ifdef HAVE_SYS_TYPES_H
| # include <sys/types.h>
| #endif
| #ifdef HAVE_SYS_STAT_H
| # include <sys/stat.h>
| #endif
| #ifdef STDC_HEADERS
| # include <stdlib.h>
| # include <stddef.h>
| #else
| # ifdef HAVE_STDLIB_H
| #  include <stdlib.h>
| # endif
| #endif
| #ifdef HAVE_STRING_H
| # if !defined STDC_HEADERS && defined HAVE_MEMORY_H
| #  include <memory.h>
| # endif
| # include <string.h>
| #endif
| #ifdef HAVE_STRINGS_H
| # include <strings.h>
| #endif
| #ifdef HAVE_INTTYPES_H
| # include <inttypes.h>
| #endif
| #ifdef HAVE_STDINT_H
| # include <stdint.h>
| #endif
| #ifdef HAVE_UNISTD_H
| # include <unistd.h>
| #endif
| #include <sys/audioio.h>
configure:6302: result: no
configure:6302: checking sys/audioio.h presence
configure:6302: gcc -E  conftest.c
conftest.c:26:10: fatal error: sys/audioio.h: No such file or directory
   26 | #include <sys/audioio.h>
      |          ^~~~~~~~~~~~~~~
compilation terminated.
configure:6302: $? = 1
configure: failed program was:
| /* confdefs.h */
| #define PACKAGE_NAME "rdesktop"
| #define PACKAGE_TARNAME "rdesktop"
| #define PACKAGE_VERSION "1.9.0"
| #define PACKAGE_STRING "rdesktop 1.9.0"
| #define PACKAGE_BUGREPORT ""
| #define PACKAGE_URL ""
| #define STDC_HEADERS 1
| #define HAVE_SYS_TYPES_H 1
| #define HAVE_SYS_STAT_H 1
| #define HAVE_STDLIB_H 1
| #define HAVE_STRING_H 1
| #define HAVE_MEMORY_H 1
| #define HAVE_STRINGS_H 1
| #define HAVE_INTTYPES_H 1
| #define HAVE_STDINT_H 1
| #define HAVE_UNISTD_H 1
| #define L_ENDIAN 1
| #define HAVE_SYS_SELECT_H 1
| #define HAVE_LOCALE_H 1
| #define HAVE_LANGINFO_H 1
| #define HAVE_SYSEXITS_H 1
| #define HAVE_XCURSOR 1
| #define EGD_SOCKET "/var/run/egd-pool"
| /* end confdefs.h.  */
| #include <sys/audioio.h>
configure:6302: result: no
configure:6302: checking for sys/audioio.h
configure:6302: result: no
configure:6322: checking for LIBAO
configure:6329: $PKG_CONFIG --exists --print-errors "ao"
Package ao was not found in the pkg-config search path.
Perhaps you should add the directory containing `ao.pc'
to the PKG_CONFIG_PATH environment variable
Package 'ao', required by 'virtual:world', not found
configure:6332: $? = 1
configure:6346: $PKG_CONFIG --exists --print-errors "ao"
Package ao was not found in the pkg-config search path.
Perhaps you should add the directory containing `ao.pc'
to the PKG_CONFIG_PATH environment variable
Package 'ao', required by 'virtual:world', not found
configure:6349: $? = 1
configure:6363: result: no
Package 'ao', required by 'virtual:world', not found
configure:6393: checking for PULSE
configure:6400: $PKG_CONFIG --exists --print-errors "libpulse"
Package libpulse was not found in the pkg-config search path.
Perhaps you should add the directory containing `libpulse.pc'
to the PKG_CONFIG_PATH environment variable
Package 'libpulse', required by 'virtual:world', not found
configure:6403: $? = 1
configure:6417: $PKG_CONFIG --exists --print-errors "libpulse"
Package libpulse was not found in the pkg-config search path.
Perhaps you should add the directory containing `libpulse.pc'
to the PKG_CONFIG_PATH environment variable
Package 'libpulse', required by 'virtual:world', not found
configure:6420: $? = 1
configure:6434: result: no
Package 'libpulse', required by 'virtual:world', not found
configure:6464: checking for ALSA
configure:6471: $PKG_CONFIG --exists --print-errors "alsa"
Package alsa was not found in the pkg-config search path.
Perhaps you should add the directory containing `alsa.pc'
to the PKG_CONFIG_PATH environment variable
Package 'alsa', required by 'virtual:world', not found
configure:6474: $? = 1
configure:6488: $PKG_CONFIG --exists --print-errors "alsa"
Package alsa was not found in the pkg-config search path.
Perhaps you should add the directory containing `alsa.pc'
to the PKG_CONFIG_PATH environment variable
Package 'alsa', required by 'virtual:world', not found
configure:6491: $? = 1
configure:6505: result: no
Package 'alsa', required by 'virtual:world', not found
configure:6535: checking for LIBSAMPLERATE
configure:6542: $PKG_CONFIG --exists --print-errors "samplerate"
Package samplerate was not found in the pkg-config search path.
Perhaps you should add the directory containing `samplerate.pc'
to the PKG_CONFIG_PATH environment variable
Package 'samplerate', required by 'virtual:world', not found
configure:6545: $? = 1
configure:6559: $PKG_CONFIG --exists --print-errors "samplerate"
Package samplerate was not found in the pkg-config search path.
Perhaps you should add the directory containing `samplerate.pc'
to the PKG_CONFIG_PATH environment variable
Package 'samplerate', required by 'virtual:world', not found
configure:6562: $? = 1
configure:6576: result: no
Package 'samplerate', required by 'virtual:world', not found
configure:6761: checking for dirent.h that defines DIR
configure:6780: gcc -c -g -O2 -Wall -Wextra     -I/usr/include/p11-kit-1   conftest.c >&5
configure:6780: $? = 0
configure:6788: result: yes
configure:6801: checking for library containing opendir
configure:6832: gcc -o conftest -g -O2 -Wall -Wextra     -I/usr/include/p11-kit-1    conftest.c -lgmp  -lXcursor -ltasn1 -lnettle -lhogweed -lgnutls  >&5
configure:6832: $? = 0
configure:6849: result: none required
configure:6934: checking for dirfd
configure:6934: gcc -o conftest -g -O2 -Wall -Wextra     -I/usr/include/p11-kit-1    conftest.c -lgmp  -lXcursor -ltasn1 -lnettle -lhogweed -lgnutls  >&5
configure:6934: $? = 0
configure:6934: result: yes
configure:6943: checking whether dirfd is declared
configure:6943: gcc -c -g -O2 -Wall -Wextra     -I/usr/include/p11-kit-1   conftest.c >&5
configure:6943: $? = 0
configure:6943: result: yes
configure:6956: checking whether dirfd is a macro
configure:6977: result: no
configure:7067: checking iconv.h usability
configure:7067: gcc -c -g -O2 -Wall -Wextra     -I/usr/include/p11-kit-1   conftest.c >&5
configure:7067: $? = 0
configure:7067: result: yes
configure:7067: checking iconv.h presence
configure:7067: gcc -E  conftest.c
configure:7067: $? = 0
configure:7067: result: yes
configure:7067: checking for iconv.h
configure:7067: result: yes
configure:7075: checking for iconv
configure:7097: gcc -o conftest -g -O2 -Wall -Wextra     -I/usr/include/p11-kit-1    conftest.c -lgmp  -lXcursor -ltasn1 -lnettle -lhogweed -lgnutls  >&5
configure:7097: $? = 0
configure:7129: result: yes
configure:7135: checking for iconv declaration
configure:7164: gcc -c -g -O2 -Wall -Wextra     -I/usr/include/p11-kit-1   conftest.c >&5
configure:7164: $? = 0
configure:7175: result: 
         extern size_t iconv (iconv_t cd, char * *inbuf, size_t *inbytesleft, char * *outbuf, size_t *outbytesleft);
configure:7199: checking for socklen_t
configure:7199: gcc -c -g -O2 -Wall -Wextra     -I/usr/include/p11-kit-1   conftest.c >&5
configure:7199: $? = 0
configure:7199: gcc -c -g -O2 -Wall -Wextra     -I/usr/include/p11-kit-1   conftest.c >&5
conftest.c: In function 'main':
conftest.c:40:24: error: expected expression before ')' token
   40 | if (sizeof ((socklen_t)))
      |                        ^
configure:7199: $? = 1
configure: failed program was:
| /* confdefs.h */
| #define PACKAGE_NAME "rdesktop"
| #define PACKAGE_TARNAME "rdesktop"
| #define PACKAGE_VERSION "1.9.0"
| #define PACKAGE_STRING "rdesktop 1.9.0"
| #define PACKAGE_BUGREPORT ""
| #define PACKAGE_URL ""
| #define STDC_HEADERS 1
| #define HAVE_SYS_TYPES_H 1
| #define HAVE_SYS_STAT_H 1
| #define HAVE_STDLIB_H 1
| #define HAVE_STRING_H 1
| #define HAVE_MEMORY_H 1
| #define HAVE_STRINGS_H 1
| #define HAVE_INTTYPES_H 1
| #define HAVE_STDINT_H 1
| #define HAVE_UNISTD_H 1
| #define L_ENDIAN 1
| #define HAVE_SYS_SELECT_H 1
| #define HAVE_LOCALE_H 1
| #define HAVE_LANGINFO_H 1
| #define HAVE_SYSEXITS_H 1
| #define HAVE_XCURSOR 1
| #define EGD_SOCKET "/var/run/egd-pool"
| #define WITH_RDPSND 1
| #define RDPSND_OSS 1
| #define HAVE_DIRENT_H 1
| #define HAVE_DIRFD 1
| #define HAVE_DECL_DIRFD 1
| #define HAVE_ICONV_H 1
| #define HAVE_ICONV 1
| #define ICONV_CONST 
| /* end confdefs.h.  */
| #include <sys/types.h>
| #include <sys/socket.h>
| 
| int
| main ()
| {
| if (sizeof ((socklen_t)))
| 	    return 0;
|   ;
|   return 0;
| }
configure:7199: result: yes
configure:7268: checking sys/vfs.h usability
configure:7268: gcc -c -g -O2 -Wall -Wextra     -I/usr/include/p11-kit-1   conftest.c >&5
configure:7268: $? = 0
configure:7268: result: yes
configure:7268: checking sys/vfs.h presence
configure:7268: gcc -E  conftest.c
configure:7268: $? = 0
configure:7268: result: yes
configure:7268: checking for sys/vfs.h
configure:7268: result: yes
configure:7280: checking sys/statvfs.h usability
configure:7280: gcc -c -g -O2 -Wall -Wextra     -I/usr/include/p11-kit-1   conftest.c >&5
configure:7280: $? = 0
configure:7280: result: yes
configure:7280: checking sys/statvfs.h presence
configure:7280: gcc -E  conftest.c
configure:7280: $? = 0
configure:7280: result: yes
configure:7280: checking for sys/statvfs.h
configure:7280: result: yes
configure:7292: checking sys/statfs.h usability
configure:7292: gcc -c -g -O2 -Wall -Wextra     -I/usr/include/p11-kit-1   conftest.c >&5
configure:7292: $? = 0
configure:7292: result: yes
configure:7292: checking sys/statfs.h presence
configure:7292: gcc -E  conftest.c
configure:7292: $? = 0
configure:7292: result: yes
configure:7292: checking for sys/statfs.h
configure:7292: result: yes
configure:7304: checking sys/param.h usability
configure:7304: gcc -c -g -O2 -Wall -Wextra     -I/usr/include/p11-kit-1   conftest.c >&5
configure:7304: $? = 0
configure:7304: result: yes
configure:7304: checking sys/param.h presence
configure:7304: gcc -E  conftest.c
configure:7304: $? = 0
configure:7304: result: yes
configure:7304: checking for sys/param.h
configure:7304: result: yes
configure:7324: checking for sys/mount.h
configure:7324: gcc -c -g -O2 -Wall -Wextra     -I/usr/include/p11-kit-1   conftest.c >&5
configure:7324: $? = 0
configure:7324: result: yes
configure:7338: checking how to get filesystem space usage...
configure:7345: checking statvfs64 function (SVR4)
configure:7367: gcc -o conftest -g -O2 -Wall -Wextra     -I/usr/include/p11-kit-1    conftest.c -lgmp  -lXcursor -ltasn1 -lnettle -lhogweed -lgnutls   >&5
conftest.c:45:3: error: return type defaults to 'int' [-Wimplicit-int]
   45 |   main ()
      |   ^~~~
conftest.c: In function 'main':
conftest.c:47:22: error: storage size of 'fsd' isn't known
   47 |     struct statvfs64 fsd;
      |                      ^~~
conftest.c:48:5: error: implicit declaration of function 'exit' [-Wimplicit-function-declaration]
   48 |     exit (statvfs64 (".", &fsd));
      |     ^~~~
conftest.c:45:1: note: include '<stdlib.h>' or provide a declaration of 'exit'
   44 | #include <sys/statvfs.h>
  +++ |+#include <stdlib.h>
   45 |   main ()
conftest.c:48:5: warning: incompatible implicit declaration of built-in function 'exit' [-Wbuiltin-declaration-mismatch]
   48 |     exit (statvfs64 (".", &fsd));
      |     ^~~~
conftest.c:48:5: note: include '<stdlib.h>' or provide a declaration of 'exit'
conftest.c:48:11: error: implicit declaration of function 'statvfs64'; did you mean 'statvfs'? [-Wimplicit-function-declaration]
   48 |     exit (statvfs64 (".", &fsd));
      |           ^~~~~~~~~
      |           statvfs
conftest.c:47:22: warning: unused variable 'fsd' [-Wunused-variable]
   47 |     struct statvfs64 fsd;
      |                      ^~~
configure:7367: $? = 1
configure: program exited with status 1
configure: failed program was:
| /* confdefs.h */
| #define PACKAGE_NAME "rdesktop"
| #define PACKAGE_TARNAME "rdesktop"
| #define PACKAGE_VERSION "1.9.0"
| #define PACKAGE_STRING "rdesktop 1.9.0"
| #define PACKAGE_BUGREPORT ""
| #define PACKAGE_URL ""
| #define STDC_HEADERS 1
| #define HAVE_SYS_TYPES_H 1
| #define HAVE_SYS_STAT_H 1
| #define HAVE_STDLIB_H 1
| #define HAVE_STRING_H 1
| #define HAVE_MEMORY_H 1
| #define HAVE_STRINGS_H 1
| #define HAVE_INTTYPES_H 1
| #define HAVE_STDINT_H 1
| #define HAVE_UNISTD_H 1
| #define L_ENDIAN 1
| #define HAVE_SYS_SELECT_H 1
| #define HAVE_LOCALE_H 1
| #define HAVE_LANGINFO_H 1
| #define HAVE_SYSEXITS_H 1
| #define HAVE_XCURSOR 1
| #define EGD_SOCKET "/var/run/egd-pool"
| #define WITH_RDPSND 1
| #define RDPSND_OSS 1
| #define HAVE_DIRENT_H 1
| #define HAVE_DIRFD 1
| #define HAVE_DECL_DIRFD 1
| #define HAVE_ICONV_H 1
| #define HAVE_ICONV 1
| #define ICONV_CONST 
| #define HAVE_SYS_VFS_H 1
| #define HAVE_SYS_STATVFS_H 1
| #define HAVE_SYS_STATFS_H 1
| #define HAVE_SYS_PARAM_H 1
| #define HAVE_SYS_MOUNT_H 1
| /* end confdefs.h.  */
| 
| #if defined(HAVE_UNISTD_H)
| #include <unistd.h>
| #endif
| #include <sys/types.h>
| #include <sys/statvfs.h>
|   main ()
|   {
|     struct statvfs64 fsd;
|     exit (statvfs64 (".", &fsd));
|   }
configure:7377: result: no
configure:7395: checking statvfs function (SVR4)
configure:7412: gcc -o conftest -g -O2 -Wall -Wextra     -I/usr/include/p11-kit-1    conftest.c -lgmp  -lXcursor -ltasn1 -lnettle -lhogweed -lgnutls   >&5
conftest.c: In function 'main':
conftest.c:44:21: warning: argument 1 null where non-null expected [-Wnonnull]
   44 | struct statvfs fsd; statvfs (0, &fsd);
      |                     ^~~~~~~
In file included from conftest.c:40:
/usr/include/sys/statvfs.h:51:12: note: in a call to function 'statvfs' declared 'nonnull'
   51 | extern int statvfs (const char *__restrict __file,
      |            ^~~~~~~
configure:7412: $? = 0
configure:7420: result: yes
configure:7686: checking for struct statfs.f_namemax
configure:7686: gcc -c -g -O2 -Wall -Wextra     -I/usr/include/p11-kit-1   conftest.c >&5
conftest.c: In function 'main':
conftest.c:97:13: error: 'struct statfs' has no member named 'f_namemax'; did you mean 'f_namelen'?
   97 | if (ac_aggr.f_namemax)
      |             ^~~~~~~~~
      |             f_namelen
conftest.c:96:22: warning: variable 'ac_aggr' set but not used [-Wunused-but-set-variable]
   96 | static struct statfs ac_aggr;
      |                      ^~~~~~~
configure:7686: $? = 1
configure: failed program was:
| /* confdefs.h */
| #define PACKAGE_NAME "rdesktop"
| #define PACKAGE_TARNAME "rdesktop"
| #define PACKAGE_VERSION "1.9.0"
| #define PACKAGE_STRING "rdesktop 1.9.0"
| #define PACKAGE_BUGREPORT ""
| #define PACKAGE_URL ""
| #define STDC_HEADERS 1
| #define HAVE_SYS_TYPES_H 1
| #define HAVE_SYS_STAT_H 1
| #define HAVE_STDLIB_H 1
| #define HAVE_STRING_H 1
| #define HAVE_MEMORY_H 1
| #define HAVE_STRINGS_H 1
| #define HAVE_INTTYPES_H 1
| #define HAVE_STDINT_H 1
| #define HAVE_UNISTD_H 1
| #define L_ENDIAN 1
| #define HAVE_SYS_SELECT_H 1
| #define HAVE_LOCALE_H 1
| #define HAVE_LANGINFO_H 1
| #define HAVE_SYSEXITS_H 1
| #define HAVE_XCURSOR 1
| #define EGD_SOCKET "/var/run/egd-pool"
| #define WITH_RDPSND 1
| #define RDPSND_OSS 1
| #define HAVE_DIRENT_H 1
| #define HAVE_DIRFD 1
| #define HAVE_DECL_DIRFD 1
| #define HAVE_ICONV_H 1
| #define HAVE_ICONV 1
| #define ICONV_CONST 
| #define HAVE_SYS_VFS_H 1
| #define HAVE_SYS_STATVFS_H 1
| #define HAVE_SYS_STATFS_H 1
| #define HAVE_SYS_PARAM_H 1
| #define HAVE_SYS_MOUNT_H 1
| #define STAT_STATVFS 1
| /* end confdefs.h.  */
| #include <stdio.h>
| #ifdef HAVE_SYS_TYPES_H
| # include <sys/types.h>
| #endif
| #ifdef HAVE_SYS_STAT_H
| # include <sys/stat.h>
| #endif
| #ifdef STDC_HEADERS
| # include <stdlib.h>
| # include <stddef.h>
| #else
| # ifdef HAVE_STDLIB_H
| #  include <stdlib.h>
| # endif
| #endif
| #ifdef HAVE_STRING_H
| # if !defined STDC_HEADERS && defined HAVE_MEMORY_H
| #  include <memory.h>
| # endif
| # include <string.h>
| #endif
| #ifdef HAVE_STRINGS_H
| # include <strings.h>
| #endif
| #ifdef HAVE_INTTYPES_H
| # include <inttypes.h>
| #endif
| #ifdef HAVE_STDINT_H
| # include <stdint.h>
| #endif
| #ifdef HAVE_UNISTD_H
| # include <unistd.h>
| #endif
| #if HAVE_SYS_STATVFS_H
| # include <sys/statvfs.h>
| #endif
| #if HAVE_SYS_VFS_H
| # include <sys/vfs.h>
| #endif
| #if !HAVE_SYS_STATVFS_H && !HAVE_SYS_VFS_H
| # if HAVE_SYS_MOUNT_H && HAVE_SYS_PARAM_H
| /* NetBSD 1.5.2 needs these, for the declaration of struct statfs. */
| #  include <sys/param.h>
| #  include <sys/mount.h>
| # elif HAVE_NETINET_IN_H && HAVE_NFS_NFS_CLNT_H && HAVE_NFS_VFS_H
| /* Ultrix 4.4 needs these for the declaration of struct statfs.  */
| #  include <netinet/in.h>
| #  include <nfs/nfs_clnt.h>
| #  include <nfs/vfs.h>
| # endif
| #endif
| 
| 
| int
| main ()
| {
| static struct statfs ac_aggr;
| if (ac_aggr.f_namemax)
| return 0;
|   ;
|   return 0;
| }
configure:7686: gcc -c -g -O2 -Wall -Wextra     -I/usr/include/p11-kit-1   conftest.c >&5
conftest.c: In function 'main':
conftest.c:97:20: error: 'struct statfs' has no member named 'f_namemax'; did you mean 'f_namelen'?
   97 | if (sizeof ac_aggr.f_namemax)
      |                    ^~~~~~~~~
      |                    f_namelen
conftest.c:96:22: warning: variable 'ac_aggr' set but not used [-Wunused-but-set-variable]
   96 | static struct statfs ac_aggr;
      |                      ^~~~~~~
configure:7686: $? = 1
configure: failed program was:
| /* confdefs.h */
| #define PACKAGE_NAME "rdesktop"
| #define PACKAGE_TARNAME "rdesktop"
| #define PACKAGE_VERSION "1.9.0"
| #define PACKAGE_STRING "rdesktop 1.9.0"
| #define PACKAGE_BUGREPORT ""
| #define PACKAGE_URL ""
| #define STDC_HEADERS 1
| #define HAVE_SYS_TYPES_H 1
| #define HAVE_SYS_STAT_H 1
| #define HAVE_STDLIB_H 1
| #define HAVE_STRING_H 1
| #define HAVE_MEMORY_H 1
| #define HAVE_STRINGS_H 1
| #define HAVE_INTTYPES_H 1
| #define HAVE_STDINT_H 1
| #define HAVE_UNISTD_H 1
| #define L_ENDIAN 1
| #define HAVE_SYS_SELECT_H 1
| #define HAVE_LOCALE_H 1
| #define HAVE_LANGINFO_H 1
| #define HAVE_SYSEXITS_H 1
| #define HAVE_XCURSOR 1
| #define EGD_SOCKET "/var/run/egd-pool"
| #define WITH_RDPSND 1
| #define RDPSND_OSS 1
| #define HAVE_DIRENT_H 1
| #define HAVE_DIRFD 1
| #define HAVE_DECL_DIRFD 1
| #define HAVE_ICONV_H 1
| #define HAVE_ICONV 1
| #define ICONV_CONST 
| #define HAVE_SYS_VFS_H 1
| #define HAVE_SYS_STATVFS_H 1
| #define HAVE_SYS_STATFS_H 1
| #define HAVE_SYS_PARAM_H 1
| #define HAVE_SYS_MOUNT_H 1
| #define STAT_STATVFS 1
| /* end confdefs.h.  */
| #include <stdio.h>
| #ifdef HAVE_SYS_TYPES_H
| # include <sys/types.h>
| #endif
| #ifdef HAVE_SYS_STAT_H
| # include <sys/stat.h>
| #endif
| #ifdef STDC_HEADERS
| # include <stdlib.h>
| # include <stddef.h>
| #else
| # ifdef HAVE_STDLIB_H
| #  include <stdlib.h>
| # endif
| #endif
| #ifdef HAVE_STRING_H
| # if !defined STDC_HEADERS && defined HAVE_MEMORY_H
| #  include <memory.h>
| # endif
| # include <string.h>
| #endif
| #ifdef HAVE_STRINGS_H
| # include <strings.h>
| #endif
| #ifdef HAVE_INTTYPES_H
| # include <inttypes.h>
| #endif
| #ifdef HAVE_STDINT_H
| # include <stdint.h>
| #endif
| #ifdef HAVE_UNISTD_H
| # include <unistd.h>
| #endif
| #if HAVE_SYS_STATVFS_H
| # include <sys/statvfs.h>
| #endif
| #if HAVE_SYS_VFS_H
| # include <sys/vfs.h>
| #endif
| #if !HAVE_SYS_STATVFS_H && !HAVE_SYS_VFS_H
| # if HAVE_SYS_MOUNT_H && HAVE_SYS_PARAM_H
| /* NetBSD 1.5.2 needs these, for the declaration of struct statfs. */
| #  include <sys/param.h>
| #  include <sys/mount.h>
| # elif HAVE_NETINET_IN_H && HAVE_NFS_NFS_CLNT_H && HAVE_NFS_VFS_H
| /* Ultrix 4.4 needs these for the declaration of struct statfs.  */
| #  include <netinet/in.h>
| #  include <nfs/nfs_clnt.h>
| #  include <nfs/vfs.h>
| # endif
| #endif
| 
| 
| int
| main ()
| {
| static struct statfs ac_aggr;
| if (sizeof ac_aggr.f_namemax)
| return 0;
|   ;
|   return 0;
| }
configure:7686: result: no
configure:7697: checking for struct statvfs.f_namemax
configure:7697: gcc -c -g -O2 -Wall -Wextra     -I/usr/include/p11-kit-1   conftest.c >&5
configure:7697: $? = 0
configure:7697: result: yes
configure:7708: checking for struct statfs.f_namelen
configure:7708: gcc -c -g -O2 -Wall -Wextra     -I/usr/include/p11-kit-1   conftest.c >&5
configure:7708: $? = 0
configure:7708: result: yes
configure:7719: checking for struct statvfs.f_namelen
configure:7719: gcc -c -g -O2 -Wall -Wextra     -I/usr/include/p11-kit-1   conftest.c >&5
conftest.c: In function 'main':
conftest.c:99:13: error: 'struct statvfs' has no member named 'f_namelen'; did you mean 'f_namemax'?
   99 | if (ac_aggr.f_namelen)
      |             ^~~~~~~~~
      |             f_namemax
conftest.c:98:23: warning: variable 'ac_aggr' set but not used [-Wunused-but-set-variable]
   98 | static struct statvfs ac_aggr;
      |                       ^~~~~~~
configure:7719: $? = 1
configure: failed program was:
| /* confdefs.h */
| #define PACKAGE_NAME "rdesktop"
| #define PACKAGE_TARNAME "rdesktop"
| #define PACKAGE_VERSION "1.9.0"
| #define PACKAGE_STRING "rdesktop 1.9.0"
| #define PACKAGE_BUGREPORT ""
| #define PACKAGE_URL ""
| #define STDC_HEADERS 1
| #define HAVE_SYS_TYPES_H 1
| #define HAVE_SYS_STAT_H 1
| #define HAVE_STDLIB_H 1
| #define HAVE_STRING_H 1
| #define HAVE_MEMORY_H 1
| #define HAVE_STRINGS_H 1
| #define HAVE_INTTYPES_H 1
| #define HAVE_STDINT_H 1
| #define HAVE_UNISTD_H 1
| #define L_ENDIAN 1
| #define HAVE_SYS_SELECT_H 1
| #define HAVE_LOCALE_H 1
| #define HAVE_LANGINFO_H 1
| #define HAVE_SYSEXITS_H 1
| #define HAVE_XCURSOR 1
| #define EGD_SOCKET "/var/run/egd-pool"
| #define WITH_RDPSND 1
| #define RDPSND_OSS 1
| #define HAVE_DIRENT_H 1
| #define HAVE_DIRFD 1
| #define HAVE_DECL_DIRFD 1
| #define HAVE_ICONV_H 1
| #define HAVE_ICONV 1
| #define ICONV_CONST 
| #define HAVE_SYS_VFS_H 1
| #define HAVE_SYS_STATVFS_H 1
| #define HAVE_SYS_STATFS_H 1
| #define HAVE_SYS_PARAM_H 1
| #define HAVE_SYS_MOUNT_H 1
| #define STAT_STATVFS 1
| #define HAVE_STRUCT_STATVFS_F_NAMEMAX 1
| #define HAVE_STRUCT_STATFS_F_NAMELEN 1
| /* end confdefs.h.  */
| #include <stdio.h>
| #ifdef HAVE_SYS_TYPES_H
| # include <sys/types.h>
| #endif
| #ifdef HAVE_SYS_STAT_H
| # include <sys/stat.h>
| #endif
| #ifdef STDC_HEADERS
| # include <stdlib.h>
| # include <stddef.h>
| #else
| # ifdef HAVE_STDLIB_H
| #  include <stdlib.h>
| # endif
| #endif
| #ifdef HAVE_STRING_H
| # if !defined STDC_HEADERS && defined HAVE_MEMORY_H
| #  include <memory.h>
| # endif
| # include <string.h>
| #endif
| #ifdef HAVE_STRINGS_H
| # include <strings.h>
| #endif
| #ifdef HAVE_INTTYPES_H
| # include <inttypes.h>
| #endif
| #ifdef HAVE_STDINT_H
| # include <stdint.h>
| #endif
| #ifdef HAVE_UNISTD_H
| # include <unistd.h>
| #endif
| #if HAVE_SYS_STATVFS_H
| # include <sys/statvfs.h>
| #endif
| #if HAVE_SYS_VFS_H
| # include <sys/vfs.h>
| #endif
| #if !HAVE_SYS_STATVFS_H && !HAVE_SYS_VFS_H
| # if HAVE_SYS_MOUNT_H && HAVE_SYS_PARAM_H
| /* NetBSD 1.5.2 needs these, for the declaration of struct statfs. */
| #  include <sys/param.h>
| #  include <sys/mount.h>
| # elif HAVE_NETINET_IN_H && HAVE_NFS_NFS_CLNT_H && HAVE_NFS_VFS_H
| /* Ultrix 4.4 needs these for the declaration of struct statfs.  */
| #  include <netinet/in.h>
| #  include <nfs/nfs_clnt.h>
| #  include <nfs/vfs.h>
| # endif
| #endif
| 
| 
| int
| main ()
| {
| static struct statvfs ac_aggr;
| if (ac_aggr.f_namelen)
| return 0;
|   ;
|   return 0;
| }
configure:7719: gcc -c -g -O2 -Wall -Wextra     -I/usr/include/p11-kit-1   conftest.c >&5
conftest.c: In function 'main':
conftest.c:99:20: error: 'struct statvfs' has no member named 'f_namelen'; did you mean 'f_namemax'?
   99 | if (sizeof ac_aggr.f_namelen)
      |                    ^~~~~~~~~
      |                    f_namemax
conftest.c:98:23: warning: variable 'ac_aggr' set but not used [-Wunused-but-set-variable]
   98 | static struct statvfs ac_aggr;
      |                       ^~~~~~~
configure:7719: $? = 1
configure: failed program was:
| /* confdefs.h */
| #define PACKAGE_NAME "rdesktop"
| #define PACKAGE_TARNAME "rdesktop"
| #define PACKAGE_VERSION "1.9.0"
| #define PACKAGE_STRING "rdesktop 1.9.0"
| #define PACKAGE_BUGREPORT ""
| #define PACKAGE_URL ""
| #define STDC_HEADERS 1
| #define HAVE_SYS_TYPES_H 1
| #define HAVE_SYS_STAT_H 1
| #define HAVE_STDLIB_H 1
| #define HAVE_STRING_H 1
| #define HAVE_MEMORY_H 1
| #define HAVE_STRINGS_H 1
| #define HAVE_INTTYPES_H 1
| #define HAVE_STDINT_H 1
| #define HAVE_UNISTD_H 1
| #define L_ENDIAN 1
| #define HAVE_SYS_SELECT_H 1
| #define HAVE_LOCALE_H 1
| #define HAVE_LANGINFO_H 1
| #define HAVE_SYSEXITS_H 1
| #define HAVE_XCURSOR 1
| #define EGD_SOCKET "/var/run/egd-pool"
| #define WITH_RDPSND 1
| #define RDPSND_OSS 1
| #define HAVE_DIRENT_H 1
| #define HAVE_DIRFD 1
| #define HAVE_DECL_DIRFD 1
| #define HAVE_ICONV_H 1
| #define HAVE_ICONV 1
| #define ICONV_CONST 
| #define HAVE_SYS_VFS_H 1
| #define HAVE_SYS_STATVFS_H 1
| #define HAVE_SYS_STATFS_H 1
| #define HAVE_SYS_PARAM_H 1
| #define HAVE_SYS_MOUNT_H 1
| #define STAT_STATVFS 1
| #define HAVE_STRUCT_STATVFS_F_NAMEMAX 1
| #define HAVE_STRUCT_STATFS_F_NAMELEN 1
| /* end confdefs.h.  */
| #include <stdio.h>
| #ifdef HAVE_SYS_TYPES_H
| # include <sys/types.h>
| #endif
| #ifdef HAVE_SYS_STAT_H
| # include <sys/stat.h>
| #endif
| #ifdef STDC_HEADERS
| # include <stdlib.h>
| # include <stddef.h>
| #else
| # ifdef HAVE_STDLIB_H
| #  include <stdlib.h>
| # endif
| #endif
| #ifdef HAVE_STRING_H
| # if !defined STDC_HEADERS && defined HAVE_MEMORY_H
| #  include <memory.h>
| # endif
| # include <string.h>
| #endif
| #ifdef HAVE_STRINGS_H
| # include <strings.h>
| #endif
| #ifdef HAVE_INTTYPES_H
| # include <inttypes.h>
| #endif
| #ifdef HAVE_STDINT_H
| # include <stdint.h>
| #endif
| #ifdef HAVE_UNISTD_H
| # include <unistd.h>
| #endif
| #if HAVE_SYS_STATVFS_H
| # include <sys/statvfs.h>
| #endif
| #if HAVE_SYS_VFS_H
| # include <sys/vfs.h>
| #endif
| #if !HAVE_SYS_STATVFS_H && !HAVE_SYS_VFS_H
| # if HAVE_SYS_MOUNT_H && HAVE_SYS_PARAM_H
| /* NetBSD 1.5.2 needs these, for the declaration of struct statfs. */
| #  include <sys/param.h>
| #  include <sys/mount.h>
| # elif HAVE_NETINET_IN_H && HAVE_NFS_NFS_CLNT_H && HAVE_NFS_VFS_H
| /* Ultrix 4.4 needs these for the declaration of struct statfs.  */
| #  include <netinet/in.h>
| #  include <nfs/nfs_clnt.h>
| #  include <nfs/vfs.h>
| # endif
| #endif
| 
| 
| int
| main ()
| {
| static struct statvfs ac_aggr;
| if (sizeof ac_aggr.f_namelen)
| return 0;
|   ;
|   return 0;
| }
configure:7719: result: no
configure:7741: checking for special C compiler options needed for large files
configure:7786: result: no
configure:7792: checking for _FILE_OFFSET_BITS value needed for large files
configure:7817: gcc -c -g -O2 -Wall -Wextra     -I/usr/include/p11-kit-1   conftest.c >&5
configure:7817: $? = 0
configure:7849: result: no
configure:7938: checking mntent.h usability
configure:7938: gcc -c -g -O2 -Wall -Wextra     -I/usr/include/p11-kit-1   conftest.c >&5
configure:7938: $? = 0
configure:7938: result: yes
configure:7938: checking mntent.h presence
configure:7938: gcc -E  conftest.c
configure:7938: $? = 0
configure:7938: result: yes
configure:7938: checking for mntent.h
configure:7938: result: yes
configure:7947: checking for setmntent
configure:7947: gcc -o conftest -g -O2 -Wall -Wextra     -I/usr/include/p11-kit-1    conftest.c -lgmp  -lXcursor -ltasn1 -lnettle -lhogweed -lgnutls   >&5
configure:7947: $? = 0
configure:7947: result: yes
configure:8131: creating ./config.status

## ---------------------- ##
## Running config.status. ##
## ---------------------- ##

This file was extended by rdesktop config.status 1.9.0, which was
generated by GNU Autoconf 2.69.  Invocation command line was

  CONFIG_FILES    = 
  CONFIG_HEADERS  = 
  CONFIG_LINKS    = 
  CONFIG_COMMANDS = 
  $ ./config.status 

on localhost.localdomain

config.status:777: creating Makefile

## ---------------- ##
## Cache variables. ##
## ---------------- ##

ac_cv_build=x86_64-redhat-linux-gnu
ac_cv_c_bigendian=no
ac_cv_c_compiler_gnu=yes
ac_cv_env_ALSA_CFLAGS_set=
ac_cv_env_ALSA_CFLAGS_value=
ac_cv_env_ALSA_LIBS_set=
ac_cv_env_ALSA_LIBS_value=
ac_cv_env_CC_set=
ac_cv_env_CC_value=
ac_cv_env_CFLAGS_set=
ac_cv_env_CFLAGS_value=
ac_cv_env_CPPFLAGS_set=
ac_cv_env_CPPFLAGS_value=
ac_cv_env_CPP_set=
ac_cv_env_CPP_value=
ac_cv_env_GNUTLS_CFLAGS_set=
ac_cv_env_GNUTLS_CFLAGS_value=
ac_cv_env_GNUTLS_LIBS_set=
ac_cv_env_GNUTLS_LIBS_value=
ac_cv_env_GSSAPI_CFLAGS_set=
ac_cv_env_GSSAPI_CFLAGS_value=
ac_cv_env_GSSAPI_LIBS_set=
ac_cv_env_GSSAPI_LIBS_value=
ac_cv_env_HOGWEED_CFLAGS_set=
ac_cv_env_HOGWEED_CFLAGS_value=
ac_cv_env_HOGWEED_LIBS_set=
ac_cv_env_HOGWEED_LIBS_value=
ac_cv_env_LDFLAGS_set=
ac_cv_env_LDFLAGS_value=
ac_cv_env_LIBAO_CFLAGS_set=
ac_cv_env_LIBAO_CFLAGS_value=
ac_cv_env_LIBAO_LIBS_set=
ac_cv_env_LIBAO_LIBS_value=
ac_cv_env_LIBSAMPLERATE_CFLAGS_set=
ac_cv_env_LIBSAMPLERATE_CFLAGS_value=
ac_cv_env_LIBSAMPLERATE_LIBS_set=
ac_cv_env_LIBSAMPLERATE_LIBS_value=
ac_cv_env_LIBS_set=
ac_cv_env_LIBS_value=
ac_cv_env_LIBTASN1_CFLAGS_set=
ac_cv_env_LIBTASN1_CFLAGS_value=
ac_cv_env_LIBTASN1_LIBS_set=
ac_cv_env_LIBTASN1_LIBS_value=
ac_cv_env_NETTLE_CFLAGS_set=
ac_cv_env_NETTLE_CFLAGS_value=
ac_cv_env_NETTLE_LIBS_set=
ac_cv_env_NETTLE_LIBS_value=
ac_cv_env_PCSCLITE_CFLAGS_set=
ac_cv_env_PCSCLITE_CFLAGS_value=
ac_cv_env_PCSCLITE_LIBS_set=
ac_cv_env_PCSCLITE_LIBS_value=
ac_cv_env_PKG_CONFIG_LIBDIR_set=
ac_cv_env_PKG_CONFIG_LIBDIR_value=
ac_cv_env_PKG_CONFIG_PATH_set=
ac_cv_env_PKG_CONFIG_PATH_value=
ac_cv_env_PKG_CONFIG_set=
ac_cv_env_PKG_CONFIG_value=
ac_cv_env_PNP_NOTIFICATIONS_CFLAGS_set=
ac_cv_env_PNP_NOTIFICATIONS_CFLAGS_value=
ac_cv_env_PNP_NOTIFICATIONS_LIBS_set=
ac_cv_env_PNP_NOTIFICATIONS_LIBS_value=
ac_cv_env_PULSE_CFLAGS_set=
ac_cv_env_PULSE_CFLAGS_value=
ac_cv_env_PULSE_LIBS_set=
ac_cv_env_PULSE_LIBS_value=
ac_cv_env_XCURSOR_CFLAGS_set=
ac_cv_env_XCURSOR_CFLAGS_value=
ac_cv_env_XCURSOR_LIBS_set=
ac_cv_env_XCURSOR_LIBS_value=
ac_cv_env_XMKMF_set=
ac_cv_env_XMKMF_value=
ac_cv_env_XRANDR_CFLAGS_set=
ac_cv_env_XRANDR_CFLAGS_value=
ac_cv_env_XRANDR_LIBS_set=
ac_cv_env_XRANDR_LIBS_value=
ac_cv_env_build_alias_set=
ac_cv_env_build_alias_value=
ac_cv_env_host_alias_set=
ac_cv_env_host_alias_value=
ac_cv_env_target_alias_set=
ac_cv_env_target_alias_value=
ac_cv_func_connect=yes
ac_cv_func_dirfd=yes
ac_cv_func_gethostbyname=yes
ac_cv_func_remove=yes
ac_cv_func_setmntent=yes
ac_cv_func_shmat=yes
ac_cv_have_decl_dirfd=yes
ac_cv_have_x='have_x=yes	ac_x_includes='\'''\''	ac_x_libraries='\'''\'''
ac_cv_header_dirent_dirent_h=yes
ac_cv_header_dmedia_audio_h=no
ac_cv_header_iconv_h=yes
ac_cv_header_inttypes_h=yes
ac_cv_header_langinfo_h=yes
ac_cv_header_locale_h=yes
ac_cv_header_memory_h=yes
ac_cv_header_mntent_h=yes
ac_cv_header_stdc=yes
ac_cv_header_stdint_h=yes
ac_cv_header_stdlib_h=yes
ac_cv_header_string_h=yes
ac_cv_header_strings_h=yes
ac_cv_header_sys_audioio_h=no
ac_cv_header_sys_filio_h=no
ac_cv_header_sys_modem_h=no
ac_cv_header_sys_mount_h=yes
ac_cv_header_sys_param_h=yes
ac_cv_header_sys_select_h=yes
ac_cv_header_sys_soundcard_h=yes
ac_cv_header_sys_stat_h=yes
ac_cv_header_sys_statfs_h=yes
ac_cv_header_sys_statvfs_h=yes
ac_cv_header_sys_strtio_h=no
ac_cv_header_sys_types_h=yes
ac_cv_header_sys_vfs_h=yes
ac_cv_header_sysexits_h=yes
ac_cv_header_unistd_h=yes
ac_cv_host=x86_64-redhat-linux-gnu
ac_cv_lib_ICE_IceConnectionNumber=no
ac_cv_member_struct_statfs_f_namelen=yes
ac_cv_member_struct_statfs_f_namemax=no
ac_cv_member_struct_statvfs_f_namelen=no
ac_cv_member_struct_statvfs_f_namemax=yes
ac_cv_objext=o
ac_cv_path_EGREP='/usr/bin/grep -E'
ac_cv_path_GREP=/usr/bin/grep
ac_cv_path_ac_pt_PKG_CONFIG=/usr/bin/pkg-config
ac_cv_path_install='/usr/bin/install -c'
ac_cv_prog_CPP='gcc -E'
ac_cv_prog_ac_ct_CC=gcc
ac_cv_prog_ac_ct_STRIP=strip
ac_cv_prog_cc_c89=
ac_cv_prog_cc_g=yes
ac_cv_search___gmpz_init=-lgmp
ac_cv_search_inet_aton='none required'
ac_cv_search_opendir='none required'
ac_cv_search_socket='none required'
ac_cv_sys_file_offset_bits=no
ac_cv_sys_largefile_CC=no
ac_cv_type_socklen_t=yes
am_cv_func_iconv=yes
am_cv_lib_iconv=no
am_cv_proto_iconv='extern size_t iconv (iconv_t cd, char * *inbuf, size_t *inbytesleft, char * *outbuf, size_t *outbytesleft);'
am_cv_proto_iconv_arg1=
fu_cv_sys_stat_statvfs64=no
fu_cv_sys_stat_statvfs=yes
jm_cv_func_dirfd_macro=no
pkg_cv_GNUTLS_CFLAGS=-I/usr/include/p11-kit-1
pkg_cv_GNUTLS_LIBS=-lgnutls
pkg_cv_HOGWEED_CFLAGS=
pkg_cv_HOGWEED_LIBS=-lhogweed
pkg_cv_LIBTASN1_CFLAGS=
pkg_cv_LIBTASN1_LIBS=-ltasn1
pkg_cv_NETTLE_CFLAGS=
pkg_cv_NETTLE_LIBS=-lnettle
pkg_cv_XCURSOR_CFLAGS=
pkg_cv_XCURSOR_LIBS=-lXcursor

## ----------------- ##
## Output variables. ##
## ----------------- ##

ALSA_CFLAGS=''
ALSA_LIBS=''
CC='gcc'
CFLAGS='-g -O2 -Wall -Wextra     -I/usr/include/p11-kit-1 '
CPP='gcc -E'
CPPFLAGS=''
CREDSSPOBJ=''
DEFS='-DPACKAGE_NAME=\"rdesktop\" -DPACKAGE_TARNAME=\"rdesktop\" -DPACKAGE_VERSION=\"1.9.0\" -DPACKAGE_STRING=\"rdesktop\ 1.9.0\" -DPACKAGE_BUGREPORT=\"\" -DPACKAGE_URL=\"\" -DSTDC_HEADERS=1 -DHAVE_SYS_TYPES_H=1 -DHAVE_SYS_STAT_H=1 -DHAVE_STDLIB_H=1 -DHAVE_STRING_H=1 -DHAVE_MEMORY_H=1 -DHAVE_STRINGS_H=1 -DHAVE_INTTYPES_H=1 -DHAVE_STDINT_H=1 -DHAVE_UNISTD_H=1 -DL_ENDIAN=1 -DHAVE_SYS_SELECT_H=1 -DHAVE_LOCALE_H=1 -DHAVE_LANGINFO_H=1 -DHAVE_SYSEXITS_H=1 -DHAVE_XCURSOR=1 -DEGD_SOCKET=\"/var/run/egd-pool\" -DWITH_RDPSND=1 -DRDPSND_OSS=1 -DHAVE_DIRENT_H=1 -DHAVE_DIRFD=1 -DHAVE_DECL_DIRFD=1 -DHAVE_ICONV_H=1 -DHAVE_ICONV=1 -DICONV_CONST= -DHAVE_SYS_VFS_H=1 -DHAVE_SYS_STATVFS_H=1 -DHAVE_SYS_STATFS_H=1 -DHAVE_SYS_PARAM_H=1 -DHAVE_SYS_MOUNT_H=1 -DSTAT_STATVFS=1 -DHAVE_STRUCT_STATVFS_F_NAMEMAX=1 -DHAVE_STRUCT_STATFS_F_NAMELEN=1 -DHAVE_MNTENT_H=1 -DHAVE_SETMNTENT=1'
ECHO_C=''
ECHO_N='-n'
ECHO_T=''
EGREP='/usr/bin/grep -E'
EXEEXT=''
GNUTLS_CFLAGS='-I/usr/include/p11-kit-1'
GNUTLS_LIBS='-lgnutls'
GREP='/usr/bin/grep'
GSSAPI_CFLAGS=''
GSSAPI_LIBS=''
HOGWEED_CFLAGS=''
HOGWEED_LIBS='-lhogweed'
INSTALL_DATA='${INSTALL} -m 644'
INSTALL_PROGRAM='${INSTALL}'
INSTALL_SCRIPT='${INSTALL}'
LDFLAGS=''
LIBAO_CFLAGS=''
LIBAO_LIBS=''
LIBICONV=''
LIBOBJS=''
LIBS='-lgmp  -lXcursor -ltasn1 -lnettle -lhogweed -lgnutls  '
LIBSAMPLERATE_CFLAGS=''
LIBSAMPLERATE_LIBS=''
LIBTASN1_CFLAGS=''
LIBTASN1_LIBS='-ltasn1'
LTLIBOBJS=''
NETTLE_CFLAGS=''
NETTLE_LIBS='-lnettle'
OBJEXT='o'
PACKAGE_BUGREPORT=''
PACKAGE_NAME='rdesktop'
PACKAGE_STRING='rdesktop 1.9.0'
PACKAGE_TARNAME='rdesktop'
PACKAGE_URL=''
PACKAGE_VERSION='1.9.0'
PATH_SEPARATOR=':'
PCSCLITE_CFLAGS=''
PCSCLITE_LIBS=''
PKG_CONFIG='/usr/bin/pkg-config'
PKG_CONFIG_LIBDIR=''
PKG_CONFIG_PATH=''
PNP_NOTIFICATIONS_CFLAGS=''
PNP_NOTIFICATIONS_LIBS=''
PULSE_CFLAGS=''
PULSE_LIBS=''
SCARDOBJ=''
SHELL='/bin/sh'
SOUNDOBJ=' rdpsnd.o rdpsnd_dsp.o rdpsnd_oss.o'
STRIP='strip'
XCURSOR_CFLAGS=''
XCURSOR_LIBS='-lXcursor'
XMKMF=''
XRANDR_CFLAGS=''
XRANDR_LIBS=''
X_CFLAGS=''
X_EXTRA_LIBS=''
X_LIBS=''
X_PRE_LIBS=''
ac_ct_CC='gcc'
bindir='${exec_prefix}/bin'
build='x86_64-redhat-linux-gnu'
build_alias=''
build_cpu='x86_64'
build_os='linux-gnu'
build_vendor='redhat'
datadir='${datarootdir}'
datarootdir='${prefix}/share'
docdir='${datarootdir}/doc/${PACKAGE_TARNAME}'
dvidir='${docdir}'
exec_prefix='${prefix}'
host='x86_64-redhat-linux-gnu'
host_alias=''
host_cpu='x86_64'
host_os='linux-gnu'
host_vendor='redhat'
htmldir='${docdir}'
includedir='${prefix}/include'
infodir='${datarootdir}/info'
libdir='${exec_prefix}/lib'
libexecdir='${exec_prefix}/libexec'
localedir='${datarootdir}/locale'
localstatedir='${prefix}/var'
mandir='${datarootdir}/man'
oldincludedir='/usr/include'
pdfdir='${docdir}'
prefix='/usr/local'
program_transform_name='s,x,x,'
psdir='${docdir}'
sbindir='${exec_prefix}/sbin'
sharedstatedir='${prefix}/com'
sysconfdir='${prefix}/etc'
target_alias=''

## ----------- ##
## confdefs.h. ##
## ----------- ##

/* confdefs.h */
#define PACKAGE_NAME "rdesktop"
#define PACKAGE_TARNAME "rdesktop"
#define PACKAGE_VERSION "1.9.0"
#define PACKAGE_STRING "rdesktop 1.9.0"
#define PACKAGE_BUGREPORT ""
#define PACKAGE_URL ""
#define STDC_HEADERS 1
#define HAVE_SYS_TYPES_H 1
#define HAVE_SYS_STAT_H 1
#define HAVE_STDLIB_H 1
#define HAVE_STRING_H 1
#define HAVE_MEMORY_H 1
#define HAVE_STRINGS_H 1
#define HAVE_INTTYPES_H 1
#define HAVE_STDINT_H 1
#define HAVE_UNISTD_H 1
#define L_ENDIAN 1
#define HAVE_SYS_SELECT_H 1
#define HAVE_LOCALE_H 1
#define HAVE_LANGINFO_H 1
#define HAVE_SYSEXITS_H 1
#define HAVE_XCURSOR 1
#define EGD_SOCKET "/var/run/egd-pool"
#define WITH_RDPSND 1
#define RDPSND_OSS 1
#define HAVE_DIRENT_H 1
#define HAVE_DIRFD 1
#define HAVE_DECL_DIRFD 1
#define HAVE_ICONV_H 1
#define HAVE_ICONV 1
#define ICONV_CONST 
#define HAVE_SYS_VFS_H 1
#define HAVE_SYS_STATVFS_H 1
#define HAVE_SYS_STATFS_H 1
#define HAVE_SYS_PARAM_H 1
#define HAVE_SYS_MOUNT_H 1
#define STAT_STATVFS 1
#define HAVE_STRUCT_STATVFS_F_NAMEMAX 1
#define HAVE_STRUCT_STATFS_F_NAMELEN 1
#define HAVE_MNTENT_H 1
#define HAVE_SETMNTENT 1

configure: exit 0
